2026-03-02 14:10:46 [INFO] aiogram.update_lifecycle: Update start | update_id=193844951 | event=Message | user_id=1350600699 | chat_id=1350600699
2026-03-02 14:10:46 [INFO] aiogram.update_lifecycle: Update start | update_id=193844974 | event=Message | user_id=1088344282 | chat_id=1088344282
2026-03-02 14:10:46 [INFO] aiogram.update_lifecycle: Update start | update_id=193844947 | event=Message | user_id=7371992259 | chat_id=7371992259
2026-03-02 14:10:46 [INFO] aiogram.update_lifecycle: Update start | update_id=193844966 | event=Message | user_id=5796100030 | chat_id=5796100030
2026-03-02 14:10:46 [INFO] aiogram.update_lifecycle: Update start | update_id=193844957 | event=Message | user_id=1350600699 | chat_id=1350600699
2026-03-02 14:10:46 [INFO] aiogram.update_lifecycle: Update start | update_id=193844950 | event=Message | user_id=1096323662 | chat_id=1096323662
2026-03-02 14:10:46 [INFO] aiogram.update_lifecycle: Update start | update_id=193844946 | event=Message | user_id=969878037 | chat_id=969878037
2026-03-02 14:10:46 [INFO] aiogram.update_lifecycle: Update start | update_id=193844961 | event=Message | user_id=268360547 | chat_id=268360547
2026-03-02 14:10:46 [INFO] aiogram.update_lifecycle: Update start | update_id=193844959 | event=Message | user_id=1366804444 | chat_id=1366804444
2026-03-02 14:10:46 [INFO] aiogram.update_lifecycle: Update start | update_id=193844960 | event=Message | user_id=1350600699 | chat_id=1350600699
2026-03-02 14:10:47 [INFO] aiogram.update_lifecycle: Update start | update_id=193844977 | event=CallbackQuery | user_id=318699295 | chat_id=None
2026-03-02 14:10:47 [INFO] aiogram.update_lifecycle: Update start | update_id=193844973 | event=Message | user_id=62210781 | chat_id=62210781
2026-03-02 14:10:47 [INFO] aiogram.update_lifecycle: Update start | update_id=193844970 | event=Message | user_id=62210781 | chat_id=62210781
2026-03-02 14:10:47 [INFO] aiogram.update_lifecycle: Update start | update_id=193844976 | event=CallbackQuery | user_id=318699295 | chat_id=None
2026-03-02 14:10:47 [INFO] aiogram.update_lifecycle: Update start | update_id=193844958 | event=Message | user_id=1350600699 | chat_id=1350600699
2026-03-02 14:10:47 [INFO] aiogram.update_lifecycle: Update start | update_id=193844969 | event=Message | user_id=453547390 | chat_id=453547390
2026-03-02 14:10:47 [INFO] aiogram.update_lifecycle: Update start | update_id=193844968 | event=Message | user_id=1015131079 | chat_id=1015131079
2026-03-02 14:10:47 [INFO] aiogram.update_lifecycle: Update start | update_id=193844949 | event=Message | user_id=7371992259 | chat_id=7371992259
2026-03-02 14:10:47 [INFO] aiogram.update_lifecycle: Update start | update_id=193844956 | event=Message | user_id=1028698156 | chat_id=1028698156
2026-03-02 14:10:47 [INFO] aiogram.update_lifecycle: Update start | update_id=193844952 | event=Message | user_id=1350600699 | chat_id=1350600699
2026-03-02 14:10:47 [INFO] aiogram.update_lifecycle: Update start | update_id=193844964 | event=Message | user_id=62210781 | chat_id=62210781
2026-03-02 14:10:47 [INFO] aiogram.update_lifecycle: Update start | update_id=193844962 | event=Message | user_id=268360547 | chat_id=268360547
2026-03-02 14:10:47 [INFO] aiogram.update_lifecycle: Update start | update_id=193844955 | event=Message | user_id=1015131079 | chat_id=1015131079
2026-03-02 14:10:47 [INFO] aiogram.update_lifecycle: Update start | update_id=193844953 | event=Message | user_id=1350600699 | chat_id=1350600699
2026-03-02 14:10:47 [INFO] aiogram.update_lifecycle: Update start | update_id=193844971 | event=Message | user_id=62210781 | chat_id=62210781
2026-03-02 14:10:47 [INFO] aiogram.update_lifecycle: Update start | update_id=193844954 | event=Message | user_id=1015131079 | chat_id=1015131079
2026-03-02 14:10:47 [INFO] aiogram.update_lifecycle: Update start | update_id=193844948 | event=Message | user_id=7371992259 | chat_id=7371992259
2026-03-02 14:10:47 [INFO] aiogram.update_lifecycle: Update start | update_id=193844945 | event=Message | user_id=745817045 | chat_id=745817045
2026-03-02 14:10:47 [INFO] aiogram.update_lifecycle: Update start | update_id=43621762 | event=Message | user_id=453547390 | chat_id=453547390
2026-03-02 14:10:47 [INFO] aiogram.update_lifecycle: Update start | update_id=43621777 | event=Message | user_id=899201381 | chat_id=899201381
2026-03-02 14:10:47 [INFO] aiogram.update_lifecycle: Update start | update_id=43621803 | event=Message | user_id=5983495318 | chat_id=5983495318
2026-03-02 14:10:47 [INFO] aiogram.update_lifecycle: Update start | update_id=43621843 | event=CallbackQuery | user_id=74044976 | chat_id=None
2026-03-02 14:10:47 [INFO] aiogram.update_lifecycle: Update start | update_id=43621842 | event=CallbackQuery | user_id=74044976 | chat_id=None
2026-03-02 14:10:47 [INFO] aiogram.update_lifecycle: Update start | update_id=43621836 | event=Message | user_id=5796100030 | chat_id=5796100030
2026-03-02 14:10:47 [INFO] aiogram.update_lifecycle: Update start | update_id=43621839 | event=Message | user_id=5796100030 | chat_id=5796100030
2026-03-02 14:10:47 [INFO] aiogram.update_lifecycle: Update start | update_id=43621840 | event=Message | user_id=5796100030 | chat_id=5796100030
2026-03-02 14:10:47 [INFO] aiogram.update_lifecycle: Update done | update_id=193844977 | event=CallbackQuery | user_id=318699295 | chat_id=None | elapsed_ms=311
2026-03-02 14:10:47 [INFO] aiogram.update_lifecycle: Update done | update_id=193844976 | event=CallbackQuery | user_id=318699295 | chat_id=None | elapsed_ms=297
2026-03-02 14:10:47 [INFO] aiogram.update_lifecycle: Update start | update_id=43621797 | event=Message | user_id=1366804444 | chat_id=1366804444
2026-03-02 14:10:47 [INFO] aiogram.update_lifecycle: Update start | update_id=43621832 | event=Message | user_id=138799202 | chat_id=138799202
2026-03-02 14:10:47 [INFO] aiogram.update_lifecycle: Update start | update_id=43621825 | event=Message | user_id=268360547 | chat_id=268360547
2026-03-02 14:10:47 [INFO] aiogram.update_lifecycle: Update start | update_id=43621776 | event=Message | user_id=545749661 | chat_id=545749661
2026-03-02 14:10:47 [INFO] aiogram.update_lifecycle: Update start | update_id=43621788 | event=Message | user_id=2087187718 | chat_id=2087187718
2026-03-02 14:10:47 [ERROR] aiogram.update_lifecycle: Update failed | update_id=43621842 | event=CallbackQuery | user_id=74044976 | chat_id=None | elapsed_ms=169
Traceback (most recent call last):
  File "/Users/paylakurusyan/Desktop/pythonProjects/elixir-ai-bot/src/ai/bot/middleware.py", line 31, in __call__
    try: result = await handler(event, data)
                  ^^^^^^^^^^^^^^^^^^^^^^^^^^
  File "/Users/paylakurusyan/Desktop/pythonProjects/elixir-ai-bot/.venv/lib/python3.13/site-packages/aiogram/dispatcher/event/handler.py", line 71, in call
    return await wrapped()
           ^^^^^^^^^^^^^^^
  File "/Users/paylakurusyan/Desktop/pythonProjects/elixir-ai-bot/src/ai/bot/handlers/new_user.py", line 453, in handle_user_call
    await call.message.edit_reply_markup(reply_markup=None)
  File "/Users/paylakurusyan/Desktop/pythonProjects/elixir-ai-bot/.venv/lib/python3.13/site-packages/aiogram/methods/base.py", line 82, in emit
    return await bot(self)
           ^^^^^^^^^^^^^^^
  File "/Users/paylakurusyan/Desktop/pythonProjects/elixir-ai-bot/.venv/lib/python3.13/site-packages/aiogram/client/bot.py", line 487, in __call__
    return await self.session(self, method, timeout=request_timeout)
           ^^^^^^^^^^^^^^^^^^^^^^^^^^^^^^^^^^^^^^^^^^^^^^^^^^^^^^^^^
  File "/Users/paylakurusyan/Desktop/pythonProjects/elixir-ai-bot/.venv/lib/python3.13/site-packages/aiogram/client/session/base.py", line 259, in __call__
    return cast(TelegramType, await middleware(bot, method))
                              ^^^^^^^^^^^^^^^^^^^^^^^^^^^^^
  File "/Users/paylakurusyan/Desktop/pythonProjects/elixir-ai-bot/.venv/lib/python3.13/site-packages/aiogram/client/session/aiohttp.py", line 177, in make_request
    response = self.check_response(
        bot=bot,
    ...<2 lines>...
        content=raw_result,
    )
  File "/Users/paylakurusyan/Desktop/pythonProjects/elixir-ai-bot/.venv/lib/python3.13/site-packages/aiogram/client/session/base.py", line 121, in check_response
    raise TelegramBadRequest(method=method, message=description)
aiogram.exceptions.TelegramBadRequest: Telegram server says - Bad Request: message is not modified: specified new message content and reply markup are exactly the same as a current content and reply markup of the message
2026-03-02 14:10:47 [INFO] aiogram.update_lifecycle: Update start | update_id=43621806 | event=Message | user_id=899201381 | chat_id=899201381
2026-03-02 14:10:47 [INFO] aiogram.update_lifecycle: Update start | update_id=43621774 | event=Message | user_id=5983495318 | chat_id=5983495318
2026-03-02 14:10:47 [INFO] aiogram.update_lifecycle: Update start | update_id=43621771 | event=Message | user_id=1974815542 | chat_id=1974815542
2026-03-02 14:10:47 [INFO] aiogram.update_lifecycle: Update start | update_id=43621833 | event=Message | user_id=138799202 | chat_id=138799202
2026-03-02 14:10:47 [INFO] aiogram.update_lifecycle: Update start | update_id=43621779 | event=Message | user_id=1974815542 | chat_id=1974815542
2026-03-02 14:10:47 [INFO] aiogram.update_lifecycle: Update start | update_id=43621810 | event=Message | user_id=5796100030 | chat_id=5796100030
2026-03-02 14:10:47 [INFO] aiogram.update_lifecycle: Update start | update_id=43621766 | event=Message | user_id=470103518 | chat_id=470103518
2026-03-02 14:10:47 [INFO] aiogram.update_lifecycle: Update done | update_id=43621766 | event=Message | user_id=470103518 | chat_id=470103518 | elapsed_ms=0
2026-03-02 14:10:47 [INFO] aiogram.update_lifecycle: Update start | update_id=43621835 | event=Message | user_id=138799202 | chat_id=138799202
2026-03-02 14:10:47 [INFO] aiogram.update_lifecycle: Update start | update_id=43621838 | event=Message | user_id=5796100030 | chat_id=5796100030
2026-03-02 14:10:47 [INFO] aiogram.update_lifecycle: Update start | update_id=43621767 | event=Message | user_id=899201381 | chat_id=899201381
2026-03-02 14:10:47 [INFO] aiogram.update_lifecycle: Update start | update_id=43621775 | event=Message | user_id=5983495318 | chat_id=5983495318
2026-03-02 14:10:47 [INFO] aiogram.update_lifecycle: Update start | update_id=43621768 | event=Message | user_id=254123833 | chat_id=254123833
2026-03-02 14:10:47 [INFO] aiogram.update_lifecycle: Update start | update_id=43621829 | event=Message | user_id=62210781 | chat_id=62210781
2026-03-02 14:10:47 [INFO] aiogram.update_lifecycle: Update start | update_id=43621781 | event=Message | user_id=5079353281 | chat_id=5079353281
2026-03-02 14:10:47 [INFO] aiogram.update_lifecycle: Update start | update_id=43621780 | event=Message | user_id=5079353281 | chat_id=5079353281
2026-03-02 14:10:47 [INFO] aiogram.update_lifecycle: Update start | update_id=43621801 | event=Message | user_id=395286939 | chat_id=395286939
2026-03-02 14:10:48 [INFO] aiogram.update_lifecycle: Update start | update_id=43621770 | event=Message | user_id=254123833 | chat_id=254123833
2026-03-02 14:10:48 [INFO] aiogram.update_lifecycle: Update start | update_id=43621811 | event=Message | user_id=5796100030 | chat_id=5796100030
2026-03-02 14:10:48 [INFO] aiogram.update_lifecycle: Update start | update_id=43621761 | event=Message | user_id=567175482 | chat_id=567175482
2026-03-02 14:10:48 [INFO] aiogram.update_lifecycle: Update start | update_id=43621769 | event=Message | user_id=254123833 | chat_id=254123833
2026-03-02 14:10:48 [INFO] aiogram.update_lifecycle: Update done | update_id=43621840 | event=Message | user_id=5796100030 | chat_id=5796100030 | elapsed_ms=1042
2026-03-02 14:10:48 [INFO] aiogram.update_lifecycle: Update done | update_id=43621843 | event=CallbackQuery | user_id=74044976 | chat_id=None | elapsed_ms=1338
2026-03-02 14:10:49 [INFO] aiogram.update_lifecycle: Update done | update_id=43621839 | event=Message | user_id=5796100030 | chat_id=5796100030 | elapsed_ms=2113
2026-03-02 14:10:49 [INFO] aiogram.update_lifecycle: Update done | update_id=43621836 | event=Message | user_id=5796100030 | chat_id=5796100030 | elapsed_ms=2138
2026-03-02 14:10:49 [INFO] aiogram.update_lifecycle: Update done | update_id=43621810 | event=Message | user_id=5796100030 | chat_id=5796100030 | elapsed_ms=1977
2026-03-02 14:10:49 [INFO] aiogram.update_lifecycle: Update done | update_id=43621806 | event=Message | user_id=899201381 | chat_id=899201381 | elapsed_ms=2019
