2026-03-02 14:10:43 [INFO] webapp_client: RPC start | id=b2fea2b38b | action=get_users | payload_keys=[]
2026-03-02 14:10:45 [INFO] webapp_client: RPC start | id=4cf4c2ce5d | action=get_user | payload_keys=[column_name,raw_value]
2026-03-02 14:10:45 [INFO] webapp_client: RPC start | id=786488b828 | action=get_user | payload_keys=[column_name,raw_value]
2026-03-02 14:10:45 [INFO] webapp_client: RPC start | id=e24cf4c610 | action=get_user | payload_keys=[column_name,raw_value]
2026-03-02 14:10:45 [INFO] webapp_client: RPC start | id=2c4f575dc4 | action=get_user | payload_keys=[column_name,raw_value]
2026-03-02 14:10:45 [INFO] webapp_client: RPC start | id=3e348dfc11 | action=get_user | payload_keys=[column_name,raw_value]
2026-03-02 14:10:45 [INFO] webapp_client: RPC start | id=38f60c107d | action=get_user | payload_keys=[column_name,raw_value]
2026-03-02 14:10:45 [INFO] webapp_client: RPC start | id=714ba72cdb | action=get_user | payload_keys=[column_name,raw_value]
2026-03-02 14:10:45 [INFO] webapp_client: RPC start | id=0525b8624f | action=get_user | payload_keys=[column_name,raw_value]
2026-03-02 14:10:45 [INFO] webapp_client: RPC start | id=e43a572dea | action=get_user | payload_keys=[column_name,raw_value]
2026-03-02 14:10:45 [INFO] webapp_client: RPC start | id=9353585057 | action=get_user | payload_keys=[column_name,raw_value]
2026-03-02 14:10:45 [INFO] webapp_client: RPC start | id=34ecb93845 | action=get_user | payload_keys=[column_name,raw_value]
2026-03-02 14:10:45 [INFO] webapp_client: RPC start | id=9111f80188 | action=get_user | payload_keys=[column_name,raw_value]
2026-03-02 14:10:45 [INFO] webapp_client: RPC start | id=fc97ba59be | action=get_user | payload_keys=[column_name,raw_value]
2026-03-02 14:10:45 [INFO] webapp_client: RPC start | id=1751fa99ef | action=get_user | payload_keys=[column_name,raw_value]
2026-03-02 14:10:45 [INFO] webapp_client: RPC start | id=bf0101e2ac | action=get_user | payload_keys=[column_name,raw_value]
2026-03-02 14:10:45 [INFO] webapp_client: RPC start | id=6986a9e2dc | action=get_user | payload_keys=[column_name,raw_value]
2026-03-02 14:10:45 [INFO] webapp_client: RPC start | id=2af044d5e8 | action=get_user | payload_keys=[column_name,raw_value]
2026-03-02 14:10:45 [INFO] webapp_client: RPC start | id=3430a21238 | action=get_user | payload_keys=[column_name,raw_value]
2026-03-02 14:10:45 [INFO] webapp_client: RPC start | id=708b0c2cd6 | action=get_user | payload_keys=[column_name,raw_value]
2026-03-02 14:10:45 [INFO] webapp_client: RPC start | id=d143c1446e | action=get_user | payload_keys=[column_name,raw_value]
2026-03-02 14:10:45 [INFO] webapp_client: RPC start | id=e4743441df | action=get_user | payload_keys=[column_name,raw_value]
2026-03-02 14:10:45 [INFO] webapp_client: RPC start | id=9ecb6ef685 | action=get_user | payload_keys=[column_name,raw_value]
2026-03-02 14:10:45 [INFO] webapp_client: RPC start | id=28b526f51b | action=get_user | payload_keys=[column_name,raw_value]
2026-03-02 14:10:45 [INFO] webapp_client: RPC start | id=fac47612af | action=get_user | payload_keys=[column_name,raw_value]
2026-03-02 14:10:45 [INFO] webapp_client: RPC start | id=44fb55d0c2 | action=get_user | payload_keys=[column_name,raw_value]
2026-03-02 14:10:45 [INFO] webapp_client: RPC start | id=cc4636b973 | action=get_user | payload_keys=[column_name,raw_value]
2026-03-02 14:10:45 [INFO] webapp_client: RPC start | id=2388d9d5b3 | action=get_user | payload_keys=[column_name,raw_value]
2026-03-02 14:10:45 [INFO] webapp_client: RPC start | id=1a656c3174 | action=get_user | payload_keys=[column_name,raw_value]
2026-03-02 14:10:45 [INFO] webapp_client: RPC start | id=ab302b9bb7 | action=get_user | payload_keys=[column_name,raw_value]
2026-03-02 14:10:45 [INFO] webapp_client: RPC start | id=f2bb4c1856 | action=get_user | payload_keys=[column_name,raw_value]
2026-03-02 14:10:45 [INFO] webapp_client: RPC start | id=9b0fe69693 | action=get_user | payload_keys=[column_name,raw_value]
2026-03-02 14:10:45 [INFO] webapp_client: RPC start | id=d1524a3f32 | action=get_user | payload_keys=[column_name,raw_value]
2026-03-02 14:10:45 [INFO] webapp_client: RPC start | id=9b30b157cf | action=get_user | payload_keys=[column_name,raw_value]
2026-03-02 14:10:45 [INFO] webapp_client: RPC start | id=52d6cbe06e | action=get_user | payload_keys=[column_name,raw_value]
2026-03-02 14:10:45 [INFO] webapp_client: RPC start | id=62bf23bc83 | action=get_user | payload_keys=[column_name,raw_value]
2026-03-02 14:10:45 [INFO] webapp_client: RPC start | id=8f5d9b00dc | action=get_user | payload_keys=[column_name,raw_value]
2026-03-02 14:10:45 [INFO] webapp_client: RPC start | id=4f02eaed4d | action=get_user | payload_keys=[column_name,raw_value]
2026-03-02 14:10:45 [INFO] webapp_client: RPC start | id=ca9fb84666 | action=get_user | payload_keys=[column_name,raw_value]
2026-03-02 14:10:45 [INFO] webapp_client: RPC start | id=3ebac93245 | action=get_user | payload_keys=[column_name,raw_value]
2026-03-02 14:10:45 [INFO] webapp_client: RPC start | id=7121ea942b | action=get_user | payload_keys=[column_name,raw_value]
2026-03-02 14:10:45 [INFO] webapp_client: RPC start | id=1cfa146b5a | action=get_user | payload_keys=[column_name,raw_value]
2026-03-02 14:10:45 [INFO] webapp_client: RPC start | id=e7deaf5898 | action=get_user | payload_keys=[column_name,raw_value]
2026-03-02 14:10:45 [INFO] webapp_client: RPC start | id=fe32546529 | action=get_user | payload_keys=[column_name,raw_value]
2026-03-02 14:10:45 [INFO] webapp_client: RPC start | id=538ea0a861 | action=get_user | payload_keys=[column_name,raw_value]
2026-03-02 14:10:45 [INFO] webapp_client: RPC start | id=3283d316ea | action=get_user | payload_keys=[column_name,raw_value]
2026-03-02 14:10:45 [INFO] webapp_client: RPC start | id=9a3b43e985 | action=get_user | payload_keys=[column_name,raw_value]
2026-03-02 14:10:46 [INFO] webapp_client: RPC start | id=96836f4795 | action=get_user | payload_keys=[column_name,raw_value]
2026-03-02 14:10:46 [INFO] webapp_client: RPC start | id=659d1649e6 | action=get_user | payload_keys=[column_name,raw_value]
2026-03-02 14:10:46 [INFO] webapp_client: RPC start | id=318ff84e53 | action=get_user | payload_keys=[column_name,raw_value]
2026-03-02 14:10:46 [INFO] webapp_client: RPC start | id=b37fb33c9b | action=get_user | payload_keys=[column_name,raw_value]
2026-03-02 14:10:46 [INFO] webapp_client: RPC start | id=eed1d95c4f | action=get_user | payload_keys=[column_name,raw_value]
2026-03-02 14:10:46 [INFO] webapp_client: RPC start | id=1b32389ff0 | action=get_user | payload_keys=[column_name,raw_value]
2026-03-02 14:10:46 [INFO] webapp_client: RPC start | id=e6e2ecff19 | action=get_user | payload_keys=[column_name,raw_value]
2026-03-02 14:10:46 [INFO] webapp_client: RPC start | id=f92644f99b | action=get_user | payload_keys=[column_name,raw_value]
2026-03-02 14:10:46 [INFO] webapp_client: RPC start | id=4e1c5836cd | action=get_user | payload_keys=[column_name,raw_value]
2026-03-02 14:10:46 [INFO] webapp_client: RPC start | id=7b04136c2f | action=get_user | payload_keys=[column_name,raw_value]
2026-03-02 14:10:46 [INFO] webapp_client: RPC start | id=b275404586 | action=get_user | payload_keys=[column_name,raw_value]
2026-03-02 14:10:46 [INFO] webapp_client: RPC start | id=be1c1d9431 | action=get_user | payload_keys=[column_name,raw_value]
2026-03-02 14:10:46 [INFO] webapp_client: RPC start | id=27dddb718d | action=get_user | payload_keys=[column_name,raw_value]
2026-03-02 14:10:46 [INFO] webapp_client: RPC start | id=adcb580751 | action=get_user | payload_keys=[column_name,raw_value]
2026-03-02 14:10:46 [INFO] webapp_client: RPC start | id=7b78a8b41c | action=get_user | payload_keys=[column_name,raw_value]
2026-03-02 14:10:46 [INFO] webapp_client: RPC ok | id=3e348dfc11 | action=get_user | status=200 | elapsed_ms=1046
2026-03-02 14:10:46 [INFO] webapp_client: RPC ok | id=e4743441df | action=get_user | status=200 | elapsed_ms=918
2026-03-02 14:10:46 [INFO] webapp_client: RPC ok | id=714ba72cdb | action=get_user | status=200 | elapsed_ms=1051
2026-03-02 14:10:46 [INFO] webapp_client: RPC ok | id=fac47612af | action=get_user | status=200 | elapsed_ms=908
2026-03-02 14:10:46 [INFO] webapp_client: RPC ok | id=38f60c107d | action=get_user | status=200 | elapsed_ms=1069
2026-03-02 14:10:46 [INFO] webapp_client: RPC ok | id=2c4f575dc4 | action=get_user | status=200 | elapsed_ms=1095
2026-03-02 14:10:46 [INFO] webapp_client: RPC ok | id=4cf4c2ce5d | action=get_user | status=200 | elapsed_ms=1152
2026-03-02 14:10:46 [INFO] webapp_client: RPC ok | id=2388d9d5b3 | action=get_user | status=200 | elapsed_ms=927
2026-03-02 14:10:46 [INFO] webapp_client: RPC ok | id=d143c1446e | action=get_user | status=200 | elapsed_ms=992
2026-03-02 14:10:46 [INFO] webapp_client: RPC ok | id=34ecb93845 | action=get_user | status=200 | elapsed_ms=1180
2026-03-02 14:10:47 [INFO] webapp_client: RPC start | id=9204d40362 | action=get_user | payload_keys=[column_name,raw_value]
2026-03-02 14:10:47 [INFO] webapp_client: RPC start | id=14d905260e | action=get_user | payload_keys=[column_name,raw_value]
2026-03-02 14:10:47 [INFO] webapp_client: RPC start | id=e6b89c6cf7 | action=get_user | payload_keys=[column_name,raw_value]
2026-03-02 14:10:47 [INFO] webapp_client: RPC start | id=91a17409f7 | action=get_user | payload_keys=[column_name,raw_value]
2026-03-02 14:10:47 [INFO] webapp_client: RPC start | id=543b5be315 | action=get_user | payload_keys=[column_name,raw_value]
2026-03-02 14:10:47 [INFO] webapp_client: RPC start | id=c701a075c3 | action=get_user | payload_keys=[column_name,raw_value]
2026-03-02 14:10:47 [INFO] webapp_client: RPC start | id=48ac8c3b13 | action=get_user | payload_keys=[column_name,raw_value]
2026-03-02 14:10:47 [INFO] webapp_client: RPC start | id=62dd36db97 | action=get_user | payload_keys=[column_name,raw_value]
2026-03-02 14:10:47 [INFO] webapp_client: RPC ok | id=44fb55d0c2 | action=get_user | status=200 | elapsed_ms=1476
2026-03-02 14:10:47 [INFO] webapp_client: RPC ok | id=e6e2ecff19 | action=get_user | status=200 | elapsed_ms=1217
2026-03-02 14:10:47 [INFO] webapp_client: RPC ok | id=cc4636b973 | action=get_user | status=200 | elapsed_ms=1467
2026-03-02 14:10:47 [INFO] webapp_client: RPC ok | id=9353585057 | action=get_user | status=200 | elapsed_ms=1606
2026-03-02 14:10:47 [INFO] webapp_client: RPC start | id=4a4c162b35 | action=get_user | payload_keys=[column_name,raw_value]
2026-03-02 14:10:47 [INFO] webapp_client: RPC ok | id=3283d316ea | action=get_user | status=200 | elapsed_ms=1302
2026-03-02 14:10:47 [INFO] webapp_client: RPC ok | id=b275404586 | action=get_user | status=200 | elapsed_ms=1195
2026-03-02 14:10:47 [INFO] webapp_client: RPC ok | id=e24cf4c610 | action=get_user | status=200 | elapsed_ms=1686
2026-03-02 14:10:47 [INFO] webapp_client: RPC ok | id=0525b8624f | action=get_user | status=200 | elapsed_ms=1635
2026-03-02 14:10:47 [INFO] webapp_client: RPC ok | id=bf0101e2ac | action=get_user | status=200 | elapsed_ms=1577
2026-03-02 14:10:47 [INFO] webapp_client: RPC ok | id=708b0c2cd6 | action=get_user | status=200 | elapsed_ms=1543
2026-03-02 14:10:47 [INFO] webapp_client: RPC ok | id=6986a9e2dc | action=get_user | status=200 | elapsed_ms=1569
2026-03-02 14:10:47 [INFO] webapp_client: RPC ok | id=786488b828 | action=get_user | status=200 | elapsed_ms=1700
2026-03-02 14:10:47 [INFO] webapp_client: RPC ok | id=1a656c3174 | action=get_user | status=200 | elapsed_ms=1463
2026-03-02 14:10:47 [INFO] webapp_client: RPC ok | id=28b526f51b | action=get_user | status=200 | elapsed_ms=1508
2026-03-02 14:10:47 [INFO] webapp_client: RPC ok | id=f2bb4c1856 | action=get_user | status=200 | elapsed_ms=1435
2026-03-02 14:10:47 [INFO] webapp_client: RPC ok | id=3430a21238 | action=get_user | status=200 | elapsed_ms=1552
2026-03-02 14:10:47 [INFO] webapp_client: RPC ok | id=2af044d5e8 | action=get_user | status=200 | elapsed_ms=1561
2026-03-02 14:10:47 [INFO] webapp_client: RPC ok | id=9b30b157cf | action=get_user | status=200 | elapsed_ms=1407
2026-03-02 14:10:47 [INFO] webapp_client: RPC ok | id=1751fa99ef | action=get_user | status=200 | elapsed_ms=1586
2026-03-02 14:10:47 [INFO] webapp_client: RPC ok | id=9111f80188 | action=get_user | status=200 | elapsed_ms=1603
2026-03-02 14:10:47 [INFO] webapp_client: RPC ok | id=e43a572dea | action=get_user | status=200 | elapsed_ms=1628
2026-03-02 14:10:47 [INFO] webapp_client: RPC ok | id=fc97ba59be | action=get_user | status=200 | elapsed_ms=1595
2026-03-02 14:10:47 [INFO] webapp_client: RPC ok | id=9ecb6ef685 | action=get_user | status=200 | elapsed_ms=1518
2026-03-02 14:10:47 [INFO] webapp_client: RPC ok | id=ab302b9bb7 | action=get_user | status=200 | elapsed_ms=1445
2026-03-02 14:10:47 [INFO] webapp_client: RPC ok | id=b37fb33c9b | action=get_user | status=200 | elapsed_ms=1260
2026-03-02 14:10:47 [INFO] webapp_client: RPC ok | id=27dddb718d | action=get_user | status=200 | elapsed_ms=1202
2026-03-02 14:10:47 [INFO] webapp_client: RPC ok | id=8f5d9b00dc | action=get_user | status=200 | elapsed_ms=1404
2026-03-02 14:10:47 [INFO] webapp_client: RPC ok | id=659d1649e6 | action=get_user | status=200 | elapsed_ms=1300
2026-03-02 14:10:47 [INFO] webapp_client: RPC ok | id=7121ea942b | action=get_user | status=200 | elapsed_ms=1371
2026-03-02 14:10:47 [INFO] webapp_client: RPC ok | id=ca9fb84666 | action=get_user | status=200 | elapsed_ms=1388
2026-03-02 14:10:47 [WARNING] webapp_client: RPC slow | id=b2fea2b38b | action=get_users | status=200 | elapsed_ms=3582
2026-03-02 14:10:47 [INFO] webapp_client: RPC start | id=cda2658521 | action=get_user | payload_keys=[column_name,raw_value]
2026-03-02 14:10:47 [INFO] webapp_client: RPC ok | id=538ea0a861 | action=get_user | status=200 | elapsed_ms=1453
2026-03-02 14:10:47 [INFO] webapp_client: RPC start | id=392c8fb458 | action=get_user | payload_keys=[column_name,raw_value]
2026-03-02 14:10:47 [INFO] webapp_client: RPC start | id=421c9b6d0b | action=get_user | payload_keys=[column_name,raw_value]
2026-03-02 14:10:47 [INFO] webapp_client: RPC start | id=3109481923 | action=get_user | payload_keys=[column_name,raw_value]
2026-03-02 14:10:47 [INFO] webapp_client: RPC start | id=8177b51c3f | action=get_user | payload_keys=[column_name,raw_value]
2026-03-02 14:10:47 [INFO] webapp_client: RPC start | id=93332ec93d | action=get_user | payload_keys=[column_name,raw_value]
2026-03-02 14:10:47 [INFO] webapp_client: RPC start | id=031f54643b | action=get_user | payload_keys=[column_name,raw_value]
2026-03-02 14:10:47 [INFO] webapp_client: RPC start | id=c5fcc52d91 | action=get_user | payload_keys=[column_name,raw_value]
2026-03-02 14:10:47 [INFO] webapp_client: RPC start | id=b5bdd24944 | action=get_user | payload_keys=[column_name,raw_value]
2026-03-02 14:10:47 [INFO] webapp_client: RPC start | id=00a140d478 | action=get_user | payload_keys=[column_name,raw_value]
2026-03-02 14:10:47 [INFO] webapp_client: RPC ok | id=1cfa146b5a | action=get_user | status=200 | elapsed_ms=1586
2026-03-02 14:10:47 [INFO] webapp_client: RPC ok | id=f92644f99b | action=get_user | status=200 | elapsed_ms=1470
2026-03-02 14:10:47 [INFO] webapp_client: RPC ok | id=96836f4795 | action=get_user | status=200 | elapsed_ms=1533
2026-03-02 14:10:47 [INFO] webapp_client: RPC start | id=1318020d2b | action=get_user | payload_keys=[column_name,raw_value]
2026-03-02 14:10:47 [INFO] webapp_client: RPC start | id=9d4e411a82 | action=get_user | payload_keys=[column_name,raw_value]
2026-03-02 14:10:47 [INFO] webapp_client: RPC start | id=9851d6b1ae | action=get_user | payload_keys=[column_name,raw_value]
2026-03-02 14:10:47 [INFO] webapp_client: RPC start | id=6b38e874d8 | action=get_user | payload_keys=[column_name,raw_value]
2026-03-02 14:10:47 [INFO] webapp_client: RPC start | id=5cf337d851 | action=get_user | payload_keys=[column_name,raw_value]
2026-03-02 14:10:47 [INFO] webapp_client: RPC ok | id=7b04136c2f | action=get_user | status=200 | elapsed_ms=1499
2026-03-02 14:10:47 [INFO] webapp_client: RPC ok | id=52d6cbe06e | action=get_user | status=200 | elapsed_ms=1693
2026-03-02 14:10:47 [INFO] webapp_client: RPC ok | id=fe32546529 | action=get_user | status=200 | elapsed_ms=1615
2026-03-02 14:10:47 [INFO] webapp_client: RPC ok | id=4e1c5836cd | action=get_user | status=200 | elapsed_ms=1508
2026-03-02 14:10:47 [INFO] webapp_client: RPC ok | id=1b32389ff0 | action=get_user | status=200 | elapsed_ms=1535
2026-03-02 14:10:47 [INFO] webapp_client: RPC ok | id=eed1d95c4f | action=get_user | status=200 | elapsed_ms=1545
2026-03-02 14:10:47 [INFO] webapp_client: RPC ok | id=be1c1d9431 | action=get_user | status=200 | elapsed_ms=1483
2026-03-02 14:10:47 [INFO] webapp_client: RPC ok | id=318ff84e53 | action=get_user | status=200 | elapsed_ms=1563
2026-03-02 14:10:47 [INFO] webapp_client: RPC ok | id=7b78a8b41c | action=get_user | status=200 | elapsed_ms=1456
2026-03-02 14:10:47 [INFO] webapp_client: RPC ok | id=d1524a3f32 | action=get_user | status=200 | elapsed_ms=1711
2026-03-02 14:10:47 [INFO] webapp_client: RPC ok | id=9b0fe69693 | action=get_user | status=200 | elapsed_ms=1720
2026-03-02 14:10:47 [INFO] webapp_client: RPC ok | id=62bf23bc83 | action=get_user | status=200 | elapsed_ms=1693
2026-03-02 14:10:47 [INFO] webapp_client: RPC ok | id=4f02eaed4d | action=get_user | status=200 | elapsed_ms=1676
2026-03-02 14:10:47 [INFO] webapp_client: RPC ok | id=adcb580751 | action=get_user | status=200 | elapsed_ms=1474
2026-03-02 14:10:47 [INFO] webapp_client: RPC ok | id=3ebac93245 | action=get_user | status=200 | elapsed_ms=1658
2026-03-02 14:10:47 [INFO] webapp_client: RPC ok | id=9a3b43e985 | action=get_user | status=200 | elapsed_ms=1598
2026-03-02 14:10:47 [INFO] webapp_client: RPC ok | id=e7deaf5898 | action=get_user | status=200 | elapsed_ms=1633
2026-03-02 14:10:47 [INFO] webapp_client: RPC start | id=b48b588530 | action=get_user | payload_keys=[column_name,raw_value]
2026-03-02 14:10:47 [INFO] webapp_client: RPC start | id=fc7b21720f | action=get_user | payload_keys=[column_name,raw_value]
2026-03-02 14:10:47 [INFO] webapp_client: RPC start | id=624f362dc3 | action=get_user | payload_keys=[column_name,raw_value]
2026-03-02 14:10:47 [INFO] webapp_client: RPC start | id=79fb18b5de | action=get_user | payload_keys=[column_name,raw_value]
2026-03-02 14:10:47 [INFO] webapp_client: RPC start | id=3a5325443e | action=get_user | payload_keys=[column_name,raw_value]
2026-03-02 14:10:47 [INFO] webapp_client: RPC start | id=2e64c1626f | action=get_user | payload_keys=[column_name,raw_value]
2026-03-02 14:10:47 [INFO] webapp_client: RPC ok | id=4a4c162b35 | action=get_user | status=200 | elapsed_ms=678
2026-03-02 14:10:48 [INFO] webapp_client: RPC start | id=dc63d52197 | action=get_user | payload_keys=[column_name,raw_value]
2026-03-02 14:10:48 [INFO] webapp_client: RPC ok | id=c701a075c3 | action=get_user | status=200 | elapsed_ms=854
2026-03-02 14:10:48 [INFO] webapp_client: RPC ok | id=9204d40362 | action=get_user | status=200 | elapsed_ms=926
2026-03-02 14:10:48 [INFO] webapp_client: RPC ok | id=e6b89c6cf7 | action=get_user | status=200 | elapsed_ms=887
2026-03-02 14:10:48 [INFO] webapp_client: RPC ok | id=14d905260e | action=get_user | status=200 | elapsed_ms=903
2026-03-02 14:10:48 [INFO] webapp_client: RPC ok | id=91a17409f7 | action=get_user | status=200 | elapsed_ms=903
2026-03-02 14:10:48 [INFO] webapp_client: RPC ok | id=62dd36db97 | action=get_user | status=200 | elapsed_ms=859
2026-03-02 14:10:48 [INFO] webapp_client: RPC ok | id=543b5be315 | action=get_user | status=200 | elapsed_ms=893
2026-03-02 14:10:48 [INFO] webapp_client: RPC ok | id=48ac8c3b13 | action=get_user | status=200 | elapsed_ms=874
2026-03-02 14:10:48 [INFO] webapp_client: RPC start | id=7b96ab4261 | action=update_user_name | payload_keys=[first_name,last_name,tg_id]
2026-03-02 14:10:48 [INFO] webapp_client: RPC start | id=b00b88a586 | action=update_user_name | payload_keys=[first_name,last_name,tg_id]
2026-03-02 14:10:48 [INFO] webapp_client: RPC ok | id=cda2658521 | action=get_user | status=200 | elapsed_ms=763
2026-03-02 14:10:48 [INFO] webapp_client: RPC start | id=16d119ea67 | action=update_user_name | payload_keys=[first_name,last_name,tg_id]
2026-03-02 14:10:48 [INFO] webapp_client: RPC ok | id=031f54643b | action=get_user | status=200 | elapsed_ms=718
2026-03-02 14:10:48 [INFO] webapp_client: RPC start | id=18767b97b3 | action=update_user_name | payload_keys=[first_name,last_name,tg_id]
2026-03-02 14:10:48 [INFO] webapp_client: RPC ok | id=8177b51c3f | action=get_user | status=200 | elapsed_ms=746
2026-03-02 14:10:48 [INFO] webapp_client: RPC ok | id=5cf337d851 | action=get_user | status=200 | elapsed_ms=672
2026-03-02 14:10:48 [INFO] webapp_client: RPC start | id=bc844cd0a2 | action=update_user_name | payload_keys=[first_name,last_name,tg_id]
2026-03-02 14:10:48 [INFO] webapp_client: RPC ok | id=3109481923 | action=get_user | status=200 | elapsed_ms=781
2026-03-02 14:10:48 [INFO] webapp_client: RPC ok | id=9d4e411a82 | action=get_user | status=200 | elapsed_ms=710
2026-03-02 14:10:48 [INFO] webapp_client: RPC ok | id=392c8fb458 | action=get_user | status=200 | elapsed_ms=806
2026-03-02 14:10:48 [INFO] webapp_client: RPC ok | id=c5fcc52d91 | action=get_user | status=200 | elapsed_ms=752
2026-03-02 14:10:48 [INFO] webapp_client: RPC ok | id=1318020d2b | action=get_user | status=200 | elapsed_ms=727
2026-03-02 14:10:48 [INFO] webapp_client: RPC start | id=1064cdb761 | action=update_user_name | payload_keys=[first_name,last_name,tg_id]
2026-03-02 14:10:48 [INFO] webapp_client: RPC ok | id=b5bdd24944 | action=get_user | status=200 | elapsed_ms=758
2026-03-02 14:10:48 [INFO] webapp_client: RPC start | id=6e8e0cac22 | action=update_user_name | payload_keys=[first_name,last_name,tg_id]
2026-03-02 14:10:48 [INFO] webapp_client: RPC start | id=30a74abb0d | action=upsert_user | payload_keys=[data]
2026-03-02 14:10:48 [INFO] webapp_client: RPC start | id=94ff9a93df | action=update_user | payload_keys=[data,tg_id]
2026-03-02 14:10:48 [INFO] webapp_client: RPC start | id=15a031245c | action=update_user | payload_keys=[data,tg_id]
2026-03-02 14:10:48 [INFO] webapp_client: RPC start | id=fb675c40d4 | action=update_user | payload_keys=[data,tg_id]
2026-03-02 14:10:48 [INFO] webapp_client: RPC ok | id=9851d6b1ae | action=get_user | status=200 | elapsed_ms=976
2026-03-02 14:10:48 [INFO] webapp_client: RPC start | id=a9bc7eab9c | action=update_user_name | payload_keys=[first_name,last_name,tg_id]
2026-03-02 14:10:48 [INFO] webapp_client: RPC ok | id=93332ec93d | action=get_user | status=200 | elapsed_ms=1056
2026-03-02 14:10:48 [INFO] webapp_client: RPC ok | id=421c9b6d0b | action=get_user | status=200 | elapsed_ms=1085
2026-03-02 14:10:48 [INFO] webapp_client: RPC start | id=2608d2e670 | action=update_user_name | payload_keys=[first_name,last_name,tg_id]
2026-03-02 14:10:48 [INFO] webapp_client: RPC ok | id=00a140d478 | action=get_user | status=200 | elapsed_ms=1037
2026-03-02 14:10:48 [INFO] webapp_client: RPC ok | id=b48b588530 | action=get_user | status=200 | elapsed_ms=861
2026-03-02 14:10:48 [INFO] webapp_client: RPC ok | id=624f362dc3 | action=get_user | status=200 | elapsed_ms=797
2026-03-02 14:10:48 [INFO] webapp_client: RPC start | id=7551ac559c | action=update_user_name | payload_keys=[first_name,last_name,tg_id]
2026-03-02 14:10:48 [INFO] webapp_client: RPC start | id=c998c36158 | action=update_user | payload_keys=[data,tg_id]
2026-03-02 14:10:48 [INFO] webapp_client: RPC ok | id=fc7b21720f | action=get_user | status=200 | elapsed_ms=854
2026-03-02 14:10:48 [INFO] webapp_client: RPC ok | id=6b38e874d8 | action=get_user | status=200 | elapsed_ms=1032
2026-03-02 14:10:48 [INFO] webapp_client: RPC start | id=e28b0356f7 | action=update_user_name | payload_keys=[first_name,last_name,tg_id]
2026-03-02 14:10:48 [INFO] webapp_client: RPC start | id=3704ff4f20 | action=update_user_name | payload_keys=[first_name,last_name,tg_id]
2026-03-02 14:10:48 [INFO] webapp_client: RPC start | id=50cfeecca0 | action=update_user | payload_keys=[data,tg_id]
2026-03-02 14:10:48 [INFO] webapp_client: RPC start | id=9e38c0d270 | action=update_user | payload_keys=[data,tg_id]
2026-03-02 14:10:48 [INFO] webapp_client: RPC ok | id=79fb18b5de | action=get_user | status=200 | elapsed_ms=757
2026-03-02 14:10:48 [INFO] webapp_client: RPC ok | id=3a5325443e | action=get_user | status=200 | elapsed_ms=728
2026-03-02 14:10:48 [INFO] webapp_client: RPC start | id=42da60148e | action=update_user | payload_keys=[data,tg_id]
2026-03-02 14:10:48 [INFO] webapp_client: RPC start | id=7ac107d237 | action=update_user | payload_keys=[data,tg_id]
2026-03-02 14:10:48 [INFO] webapp_client: RPC start | id=c6eab2e722 | action=update_user | payload_keys=[data,tg_id]
2026-03-02 14:10:48 [INFO] webapp_client: RPC start | id=8d26b66b01 | action=upsert_user | payload_keys=[data]
2026-03-02 14:10:48 [INFO] webapp_client: RPC start | id=82a9aa8cec | action=upsert_user | payload_keys=[data]
2026-03-02 14:10:48 [INFO] webapp_client: RPC start | id=ce9d4e263d | action=update_user | payload_keys=[data,tg_id]
2026-03-02 14:10:48 [INFO] webapp_client: RPC start | id=79a050b5da | action=update_user | payload_keys=[data,tg_id]
2026-03-02 14:10:48 [INFO] webapp_client: RPC start | id=58e4d2b827 | action=update_user | payload_keys=[data,tg_id]
2026-03-02 14:10:48 [INFO] webapp_client: RPC ok | id=2e64c1626f | action=get_user | status=200 | elapsed_ms=814
2026-03-02 14:10:48 [INFO] webapp_client: RPC start | id=c60642cc76 | action=update_user_name | payload_keys=[first_name,last_name,tg_id]
2026-03-02 14:10:48 [INFO] webapp_client: RPC start | id=6be7b20db8 | action=update_user | payload_keys=[data,tg_id]
2026-03-02 14:10:48 [INFO] webapp_client: RPC ok | id=dc63d52197 | action=get_user | status=200 | elapsed_ms=728
2026-03-02 14:10:48 [INFO] webapp_client: RPC start | id=68efa367fd | action=update_user_name | payload_keys=[first_name,last_name,tg_id]
2026-03-02 14:10:48 [INFO] webapp_client: RPC start | id=9d5ed94453 | action=upsert_user | payload_keys=[data]
2026-03-02 14:10:49 [INFO] webapp_client: RPC ok | id=7b96ab4261 | action=update_user_name | status=200 | elapsed_ms=1006
2026-03-02 14:10:49 [INFO] webapp_client: RPC ok | id=16d119ea67 | action=update_user_name | status=200 | elapsed_ms=989
2026-03-02 14:10:49 [INFO] webapp_client: RPC ok | id=b00b88a586 | action=update_user_name | status=200 | elapsed_ms=1014
2026-03-02 14:10:49 [INFO] webapp_client: RPC ok | id=18767b97b3 | action=update_user_name | status=200 | elapsed_ms=1038
2026-03-02 14:10:49 [INFO] webapp_client: RPC ok | id=6e8e0cac22 | action=update_user_name | status=200 | elapsed_ms=1012
2026-03-02 14:10:49 [INFO] webapp_client: RPC ok | id=bc844cd0a2 | action=update_user_name | status=200 | elapsed_ms=1056
2026-03-02 14:10:49 [INFO] webapp_client: RPC ok | id=30a74abb0d | action=upsert_user | status=200 | elapsed_ms=968
2026-03-02 14:10:49 [INFO] webapp_client: RPC start | id=7145d2f873 | action=get_user_total_requests | payload_keys=[bots,user_id]
2026-03-02 14:10:49 [INFO] webapp_client: RPC ok | id=1064cdb761 | action=update_user_name | status=200 | elapsed_ms=1093
2026-03-02 14:10:49 [INFO] webapp_client: RPC ok | id=94ff9a93df | action=update_user | status=200 | elapsed_ms=1218
2026-03-02 14:10:49 [INFO] webapp_client: RPC start | id=b38f0fe9dd | action=update_user_name | payload_keys=[first_name,last_name,tg_id]
2026-03-02 14:10:49 [INFO] webapp_client: RPC ok | id=fb675c40d4 | action=update_user | status=200 | elapsed_ms=1227
2026-03-02 14:10:49 [INFO] webapp_client: RPC start | id=21f82bd406 | action=update_user_name | payload_keys=[first_name,last_name,tg_id]
2026-03-02 14:10:49 [INFO] webapp_client: RPC ok | id=15a031245c | action=update_user | status=200 | elapsed_ms=1276
2026-03-02 14:10:49 [INFO] webapp_client: RPC start | id=c93d0e8194 | action=update_user_name | payload_keys=[first_name,last_name,tg_id]
2026-03-02 14:10:49 [INFO] webapp_client: RPC ok | id=7551ac559c | action=update_user_name | status=200 | elapsed_ms=1137
2026-03-02 14:10:49 [INFO] webapp_client: RPC ok | id=a9bc7eab9c | action=update_user_name | status=200 | elapsed_ms=1174
2026-03-02 14:10:49 [INFO] webapp_client: RPC ok | id=2608d2e670 | action=update_user_name | status=200 | elapsed_ms=1157
2026-03-02 14:10:49 [INFO] webapp_client: RPC ok | id=50cfeecca0 | action=update_user | status=200 | elapsed_ms=1181
2026-03-02 14:10:49 [INFO] webapp_client: RPC start | id=724b28d52d | action=update_user_name | payload_keys=[first_name,last_name,tg_id]
2026-03-02 14:10:49 [INFO] webapp_client: RPC ok | id=8d26b66b01 | action=upsert_user | status=200 | elapsed_ms=1153
2026-03-02 14:10:49 [INFO] webapp_client: RPC start | id=e17adba03a | action=get_user_total_requests | payload_keys=[bots,user_id]
2026-03-02 14:10:49 [INFO] webapp_client: RPC ok | id=82a9aa8cec | action=upsert_user | status=200 | elapsed_ms=1154
2026-03-02 14:10:49 [INFO] webapp_client: RPC start | id=fefade6a27 | action=get_user_total_requests | payload_keys=[bots,user_id]
2026-03-02 14:10:49 [INFO] webapp_client: RPC ok | id=c6eab2e722 | action=update_user | status=200 | elapsed_ms=1195
2026-03-02 14:10:49 [INFO] webapp_client: RPC start | id=838891f8a8 | action=update_user_name | payload_keys=[first_name,last_name,tg_id]
2026-03-02 14:10:49 [INFO] webapp_client: RPC ok | id=68efa367fd | action=update_user_name | status=200 | elapsed_ms=1110
2026-03-02 14:10:49 [INFO] webapp_client: RPC ok | id=9e38c0d270 | action=update_user | status=200 | elapsed_ms=1370
2026-03-02 14:10:49 [INFO] webapp_client: RPC start | id=dd550f5e98 | action=update_user_name | payload_keys=[first_name,last_name,tg_id]
2026-03-02 14:10:50 [INFO] webapp_client: RPC ok | id=7ac107d237 | action=update_user | status=200 | elapsed_ms=1342
2026-03-02 14:10:50 [INFO] webapp_client: RPC start | id=8df5bb904a | action=update_user_name | payload_keys=[first_name,last_name,tg_id]
2026-03-02 14:10:50 [INFO] webapp_client: RPC ok | id=c60642cc76 | action=update_user_name | status=200 | elapsed_ms=1277
2026-03-02 14:10:50 [INFO] webapp_client: RPC ok | id=42da60148e | action=update_user | status=200 | elapsed_ms=1395
2026-03-02 14:10:50 [INFO] webapp_client: RPC start | id=f16be578c0 | action=update_user_name | payload_keys=[first_name,last_name,tg_id]
2026-03-02 14:10:50 [INFO] webapp_client: RPC ok | id=3704ff4f20 | action=update_user_name | status=200 | elapsed_ms=1490
2026-03-02 14:10:50 [INFO] webapp_client: RPC ok | id=e28b0356f7 | action=update_user_name | status=200 | elapsed_ms=1545
2026-03-02 14:10:50 [INFO] webapp_client: RPC ok | id=58e4d2b827 | action=update_user | status=200 | elapsed_ms=1407
2026-03-02 14:10:50 [INFO] webapp_client: RPC start | id=9697f71755 | action=update_user_name | payload_keys=[first_name,last_name,tg_id]
2026-03-02 14:10:50 [INFO] webapp_client: RPC ok | id=79a050b5da | action=update_user | status=200 | elapsed_ms=1435
2026-03-02 14:10:50 [INFO] webapp_client: RPC ok | id=6be7b20db8 | action=update_user | status=200 | elapsed_ms=1403
2026-03-02 14:10:50 [INFO] webapp_client: RPC start | id=1794dd7aa7 | action=update_user_name | payload_keys=[first_name,last_name,tg_id]
2026-03-02 14:10:50 [INFO] webapp_client: RPC start | id=9891303b18 | action=update_user_name | payload_keys=[first_name,last_name,tg_id]
2026-03-02 14:10:50 [INFO] webapp_client: RPC ok | id=c998c36158 | action=update_user | status=200 | elapsed_ms=1618
2026-03-02 14:10:50 [INFO] webapp_client: RPC start | id=643cb4f604 | action=update_user_name | payload_keys=[first_name,last_name,tg_id]
2026-03-02 14:10:50 [INFO] webapp_client: RPC ok | id=ce9d4e263d | action=update_user | status=200 | elapsed_ms=1513
2026-03-02 14:10:50 [INFO] webapp_client: RPC start | id=601b68f864 | action=update_user_name | payload_keys=[first_name,last_name,tg_id]
2026-03-02 14:10:50 [INFO] webapp_client: RPC ok | id=9d5ed94453 | action=upsert_user | status=200 | elapsed_ms=1456
2026-03-02 14:10:50 [INFO] webapp_client: RPC start | id=75135e7458 | action=get_user_total_requests | payload_keys=[bots,user_id]
2026-03-02 14:10:50 [INFO] webapp_client: RPC ok | id=7145d2f873 | action=get_user_total_requests | status=200 | elapsed_ms=985
2026-03-02 14:10:50 [INFO] webapp_client: RPC ok | id=b38f0fe9dd | action=update_user_name | status=200 | elapsed_ms=994
2026-03-02 14:10:50 [INFO] webapp_client: RPC ok | id=21f82bd406 | action=update_user_name | status=200 | elapsed_ms=1024
2026-03-02 14:10:50 [INFO] webapp_client: RPC ok | id=c93d0e8194 | action=update_user_name | status=200 | elapsed_ms=998
2026-03-02 14:10:50 [INFO] webapp_client: RPC ok | id=724b28d52d | action=update_user_name | status=200 | elapsed_ms=938
2026-03-02 14:10:50 [INFO] webapp_client: RPC ok | id=e17adba03a | action=get_user_total_requests | status=200 | elapsed_ms=1013
2026-03-02 14:10:50 [INFO] webapp_client: RPC ok | id=fefade6a27 | action=get_user_total_requests | status=200 | elapsed_ms=1005
2026-03-02 14:10:50 [INFO] webapp_client: RPC ok | id=838891f8a8 | action=update_user_name | status=200 | elapsed_ms=1002
2026-03-02 14:10:50 [INFO] webapp_client: RPC ok | id=8df5bb904a | action=update_user_name | status=200 | elapsed_ms=986
2026-03-02 14:10:50 [INFO] webapp_client: RPC ok | id=dd550f5e98 | action=update_user_name | status=200 | elapsed_ms=1001
2026-03-02 14:10:50 [INFO] webapp_client: RPC ok | id=f16be578c0 | action=update_user_name | status=200 | elapsed_ms=945
2026-03-02 14:10:51 [INFO] webapp_client: RPC ok | id=9697f71755 | action=update_user_name | status=200 | elapsed_ms=967
2026-03-02 14:10:51 [INFO] webapp_client: RPC ok | id=1794dd7aa7 | action=update_user_name | status=200 | elapsed_ms=950
2026-03-02 14:10:51 [INFO] webapp_client: RPC ok | id=643cb4f604 | action=update_user_name | status=200 | elapsed_ms=939
2026-03-02 14:10:51 [INFO] webapp_client: RPC ok | id=601b68f864 | action=update_user_name | status=200 | elapsed_ms=980
2026-03-02 14:10:51 [INFO] webapp_client: RPC ok | id=75135e7458 | action=get_user_total_requests | status=200 | elapsed_ms=952
2026-03-02 14:10:51 [INFO] webapp_client: RPC ok | id=9891303b18 | action=update_user_name | status=200 | elapsed_ms=1088
2026-03-02 14:12:19 [INFO] webapp_client: RPC start | id=9a4760d2c4 | action=get_users | payload_keys=[]
2026-03-02 14:12:22 [INFO] webapp_client: RPC ok | id=9a4760d2c4 | action=get_users | status=200 | elapsed_ms=2681
2026-03-02 14:13:37 [INFO] webapp_client: RPC start | id=ba7c647c8c | action=get_users | payload_keys=[]
2026-03-02 14:13:40 [WARNING] webapp_client: RPC slow | id=ba7c647c8c | action=get_users | status=200 | elapsed_ms=3011
2026-03-02 16:03:52 [INFO] webapp_client: RPC start | id=055af3009b | action=get_users | payload_keys=[]
2026-03-02 16:03:55 [WARNING] webapp_client: RPC slow | id=055af3009b | action=get_users | status=200 | elapsed_ms=3037
2026-03-02 16:05:09 [INFO] webapp_client: RPC start | id=b48facd37a | action=get_users | payload_keys=[]
2026-03-02 16:05:13 [WARNING] webapp_client: RPC slow | id=b48facd37a | action=get_users | status=200 | elapsed_ms=4152
2026-03-02 16:13:54 [INFO] webapp_client: RPC start | id=53de5038f1 | action=get_users | payload_keys=[]
2026-03-02 16:13:57 [INFO] webapp_client: RPC ok | id=53de5038f1 | action=get_users | status=200 | elapsed_ms=2683
2026-03-02 16:14:43 [INFO] webapp_client: RPC start | id=938be3380b | action=get_users | payload_keys=[]
2026-03-02 16:14:45 [INFO] webapp_client: RPC ok | id=938be3380b | action=get_users | status=200 | elapsed_ms=2723
2026-03-02 16:15:34 [INFO] webapp_client: RPC start | id=80587e3cc7 | action=get_users | payload_keys=[]
2026-03-02 16:15:37 [INFO] webapp_client: RPC ok | id=80587e3cc7 | action=get_users | status=200 | elapsed_ms=2685
2026-03-02 16:20:03 [INFO] webapp_client: RPC start | id=b2df4f8ad2 | action=get_users | payload_keys=[]
2026-03-02 16:20:06 [INFO] webapp_client: RPC ok | id=b2df4f8ad2 | action=get_users | status=200 | elapsed_ms=2924
2026-03-02 16:21:04 [INFO] webapp_client: RPC start | id=65927e81b3 | action=get_users | payload_keys=[]
2026-03-02 16:21:06 [INFO] webapp_client: RPC ok | id=65927e81b3 | action=get_users | status=200 | elapsed_ms=2897
2026-03-02 16:21:52 [INFO] webapp_client: RPC start | id=fbcd7984b4 | action=get_users | payload_keys=[]
2026-03-02 16:21:54 [INFO] webapp_client: RPC ok | id=fbcd7984b4 | action=get_users | status=200 | elapsed_ms=2795
2026-03-02 16:23:55 [INFO] webapp_client: RPC start | id=fd8eb82335 | action=get_users | payload_keys=[]
2026-03-02 16:23:57 [INFO] webapp_client: RPC ok | id=fd8eb82335 | action=get_users | status=200 | elapsed_ms=2770
2026-03-02 16:24:13 [INFO] webapp_client: RPC start | id=8331c04c59 | action=get_users | payload_keys=[]
2026-03-02 16:24:16 [INFO] webapp_client: RPC ok | id=8331c04c59 | action=get_users | status=200 | elapsed_ms=2593
2026-03-02 16:26:38 [INFO] webapp_client: RPC start | id=eeb107eef0 | action=get_users | payload_keys=[]
2026-03-02 16:26:41 [INFO] webapp_client: RPC ok | id=eeb107eef0 | action=get_users | status=200 | elapsed_ms=2803
2026-03-02 17:43:58 [INFO] webapp_client: RPC start | id=329644e7c2 | action=get_users | payload_keys=[]
2026-03-02 17:44:02 [WARNING] webapp_client: RPC slow | id=329644e7c2 | action=get_users | status=200 | elapsed_ms=3400
